#
# There is insufficient memory for the Java Runtime Environment to continue.
# Native memory allocation (malloc) failed to allocate 32744 bytes for ChunkPool::allocate
# Possible reasons:
#   The system is out of physical RAM or swap space
#   The process is running with CompressedOops enabled, and the Java Heap may be blocking the growth of the native heap
# Possible solutions:
#   Reduce memory load on the system
#   Increase physical memory or swap space
#   Check if swap backing store is full
#   Decrease Java heap size (-Xmx/-Xms)
#   Decrease number of Java threads
#   Decrease Java thread stack sizes (-Xss)
#   Set larger code cache with -XX:ReservedCodeCacheSize=
#   JVM is running with Unscaled Compressed Oops mode in which the Java heap is
#     placed in the first 4GB address space. The Java Heap base address is the
#     maximum limit for the native heap growth. Please use -XX:HeapBaseMinAddress
#     to set the Java Heap base and to place the Java Heap above 4GB virtual address.
# This output file may be truncated or incomplete.
#
#  Out of Memory Error (arena.cpp:78), pid=9432, tid=7436
#
# JRE version: Java(TM) SE Runtime Environment (17.0.1+12) (build 17.0.1+12-LTS-39)
# Java VM: Java HotSpot(TM) 64-Bit Server VM (17.0.1+12-LTS-39, mixed mode, sharing, tiered, compressed oops, compressed class ptrs, g1 gc, windows-amd64)
# No core dump will be written. Minidumps are not enabled by default on client versions of Windows
#

---------------  S U M M A R Y ------------

Command Line: -Dfile.encoding=UTF-8 --module-path=C:\Users\Syed Ammar\OneDrive\Documents\NetBeansProjects\Bank Management System\build\classes bank.management.system.SecondPage

Host: Intel(R) Core(TM) i5-10300H CPU @ 2.50GHz, 8 cores, 7G,  Windows 10 , 64 bit Build 22000 (10.0.22000.318)
Time: Sun Dec 19 22:42:36 2021 Pakistan Standard Time elapsed time: 23.333050 seconds (0d 0h 0m 23s)

---------------  T H R E A D  ---------------

Current thread (0x000001fedbb96440):  JavaThread "C1 CompilerThread0" daemon [_thread_in_native, id=7436, stack(0x0000009ed8d00000,0x0000009ed8e00000)]


Current CompileTask:
C1:  23333 1570   !   3       java.awt.DefaultKeyboardFocusManager::dispatchEvent (1621 bytes)

Stack: [0x0000009ed8d00000,0x0000009ed8e00000]
Native frames: (J=compiled Java code, j=interpreted, Vv=VM code, C=native code)
V  [jvm.dll+0x66fa1a]
V  [jvm.dll+0x7ce5a4]
V  [jvm.dll+0x7cfd4e]
V  [jvm.dll+0x7d03b3]
V  [jvm.dll+0x242b05]
V  [jvm.dll+0xaa2a0]
V  [jvm.dll+0xaa5ec]
V  [jvm.dll+0x1702ed]
V  [jvm.dll+0x15b40e]
V  [jvm.dll+0x149720]
V  [jvm.dll+0x132337]
V  [jvm.dll+0x131cbf]
V  [jvm.dll+0x131ef6]
V  [jvm.dll+0x13138a]
V  [jvm.dll+0x133051]
V  [jvm.dll+0x224848]
V  [jvm.dll+0x2229ac]
V  [jvm.dll+0x78435b]
V  [jvm.dll+0x77e91a]
V  [jvm.dll+0x66e845]
C  [ucrtbase.dll+0x26c0c]
C  [KERNEL32.DLL+0x154e0]
C  [ntdll.dll+0x485b]


---------------  P R O C E S S  ---------------

Threads class SMR info:
_java_thread_list=0x000001fedd5c3190, length=16, elements={
0x000001fedbb7b6b0, 0x000001fedbb7c520, 0x000001fedbb8edb0, 0x000001fedbb8f760,
0x000001fedbb90110, 0x000001fedbb90ac0, 0x000001fedbb95740, 0x000001fedbb96440,
0x000001fedbb96e30, 0x000001fedbb68260, 0x000001fedc959e20, 0x000001fedcb15710,
0x000001fedcb192d0, 0x000001fedcb1d5d0, 0x000001fedcb98130, 0x000001febbbdbfb0
}

Java Threads: ( => current thread )
  0x000001fedbb7b6b0 JavaThread "Reference Handler" daemon [_thread_blocked, id=31468, stack(0x0000009ed8600000,0x0000009ed8700000)]
  0x000001fedbb7c520 JavaThread "Finalizer" daemon [_thread_blocked, id=31512, stack(0x0000009ed8700000,0x0000009ed8800000)]
  0x000001fedbb8edb0 JavaThread "Signal Dispatcher" daemon [_thread_blocked, id=31516, stack(0x0000009ed8800000,0x0000009ed8900000)]
  0x000001fedbb8f760 JavaThread "Attach Listener" daemon [_thread_blocked, id=31444, stack(0x0000009ed8900000,0x0000009ed8a00000)]
  0x000001fedbb90110 JavaThread "Service Thread" daemon [_thread_blocked, id=31440, stack(0x0000009ed8a00000,0x0000009ed8b00000)]
  0x000001fedbb90ac0 JavaThread "Monitor Deflation Thread" daemon [_thread_blocked, id=3588, stack(0x0000009ed8b00000,0x0000009ed8c00000)]
  0x000001fedbb95740 JavaThread "C2 CompilerThread0" daemon [_thread_blocked, id=27280, stack(0x0000009ed8c00000,0x0000009ed8d00000)]
=>0x000001fedbb96440 JavaThread "C1 CompilerThread0" daemon [_thread_in_native, id=7436, stack(0x0000009ed8d00000,0x0000009ed8e00000)]
  0x000001fedbb96e30 JavaThread "Sweeper thread" daemon [_thread_blocked, id=29232, stack(0x0000009ed8e00000,0x0000009ed8f00000)]
  0x000001fedbb68260 JavaThread "Common-Cleaner" daemon [_thread_blocked, id=6304, stack(0x0000009ed8f00000,0x0000009ed9000000)]
  0x000001fedc959e20 JavaThread "Notification Thread" daemon [_thread_blocked, id=31996, stack(0x0000009ed9100000,0x0000009ed9200000)]
  0x000001fedcb15710 JavaThread "Java2D Disposer" daemon [_thread_blocked, id=31984, stack(0x0000009ed9000000,0x0000009ed9100000)]
  0x000001fedcb192d0 JavaThread "AWT-Shutdown" [_thread_blocked, id=13856, stack(0x0000009ed9300000,0x0000009ed9400000)]
  0x000001fedcb1d5d0 JavaThread "AWT-Windows" daemon [_thread_in_native, id=24696, stack(0x0000009ed9400000,0x0000009ed9500000)]
  0x000001fedcb98130 JavaThread "AWT-EventQueue-0" [_thread_blocked, id=14536, stack(0x0000009ed9500000,0x0000009ed9600000)]
  0x000001febbbdbfb0 JavaThread "DestroyJavaVM" [_thread_blocked, id=22436, stack(0x0000009ed7f00000,0x0000009ed8000000)]

Other Threads:
  0x000001fedbb79ad0 VMThread "VM Thread" [stack: 0x0000009ed8500000,0x0000009ed8600000] [id=31508]
  0x000001fedc95a700 WatcherThread [stack: 0x0000009ed9200000,0x0000009ed9300000] [id=31988]
  0x000001febdc52b30 GCTaskThread "GC Thread#0" [stack: 0x0000009ed8000000,0x0000009ed8100000] [id=6708]
  0x000001febdc63470 ConcurrentGCThread "G1 Main Marker" [stack: 0x0000009ed8100000,0x0000009ed8200000] [id=1096]
  0x000001febdc64620 ConcurrentGCThread "G1 Conc#0" [stack: 0x0000009ed8200000,0x0000009ed8300000] [id=9860]
  0x000001fedba30090 ConcurrentGCThread "G1 Refine#0" [stack: 0x0000009ed8300000,0x0000009ed8400000] [id=18832]
  0x000001fedba30ab0 ConcurrentGCThread "G1 Service" [stack: 0x0000009ed8400000,0x0000009ed8500000] [id=31644]

Threads with active compile tasks:
C1 CompilerThread0    23398 1570   !   3       java.awt.DefaultKeyboardFocusManager::dispatchEvent (1621 bytes)

VM state: not at safepoint (normal execution)

VM Mutex/Monitor currently owned by a thread: None

Heap address: 0x0000000083000000, size: 2000 MB, Compressed Oops mode: 32-bit

CDS archive(s) mapped at: [0x0000000800000000-0x0000000800bc0000-0x0000000800bc0000), size 12320768, SharedBaseAddress: 0x0000000800000000, ArchiveRelocationMode: 0.
Compressed class space mapped at: 0x0000000800c00000-0x0000000840c00000, reserved size: 1073741824
Narrow klass base: 0x0000000800000000, Narrow klass shift: 0, Narrow klass range: 0x100000000

GC Precious Log:
 CPUs: 8 total, 8 available
 Memory: 7993M
 Large Page Support: Disabled
 NUMA Support: Disabled
 Compressed Oops: Enabled (32-bit)
 Heap Region Size: 1M
 Heap Min Capacity: 8M
 Heap Initial Capacity: 126M
 Heap Max Capacity: 2000M
 Pre-touch: Disabled
 Parallel Workers: 8
 Concurrent Workers: 2
 Concurrent Refinement Workers: 8
 Periodic GC: Disabled

Heap:
 garbage-first heap   total 129024K, used 20480K [0x0000000083000000, 0x0000000100000000)
  region size 1024K, 18 young (18432K), 0 survivors (0K)
 Metaspace       used 9435K, committed 9600K, reserved 1064960K
  class space    used 1082K, committed 1152K, reserved 1048576K

Heap Regions: E=young(eden), S=young(survivor), O=old, HS=humongous(starts), HC=humongous(continues), CS=collection set, F=free, OA=open archive, CA=closed archive, TAMS=top-at-mark-start (previous, next)
|   0|0x0000000083000000, 0x0000000083100000, 0x0000000083100000|100%|HS|  |TAMS 0x0000000083000000, 0x0000000083000000| Complete 
|   1|0x0000000083100000, 0x0000000083200000, 0x0000000083200000|100%|HC|  |TAMS 0x0000000083100000, 0x0000000083100000| Complete 
|   2|0x0000000083200000, 0x0000000083300000, 0x0000000083300000|100%|HC|  |TAMS 0x0000000083200000, 0x0000000083200000| Complete 
|   3|0x0000000083300000, 0x0000000083300000, 0x0000000083400000|  0%| F|  |TAMS 0x0000000083300000, 0x0000000083300000| Untracked 
|   4|0x0000000083400000, 0x0000000083400000, 0x0000000083500000|  0%| F|  |TAMS 0x0000000083400000, 0x0000000083400000| Untracked 
|   5|0x0000000083500000, 0x0000000083500000, 0x0000000083600000|  0%| F|  |TAMS 0x0000000083500000, 0x0000000083500000| Untracked 
|   6|0x0000000083600000, 0x0000000083600000, 0x0000000083700000|  0%| F|  |TAMS 0x0000000083600000, 0x0000000083600000| Untracked 
|   7|0x0000000083700000, 0x0000000083700000, 0x0000000083800000|  0%| F|  |TAMS 0x0000000083700000, 0x0000000083700000| Untracked 
|   8|0x0000000083800000, 0x0000000083800000, 0x0000000083900000|  0%| F|  |TAMS 0x0000000083800000, 0x0000000083800000| Untracked 
|   9|0x0000000083900000, 0x0000000083900000, 0x0000000083a00000|  0%| F|  |TAMS 0x0000000083900000, 0x0000000083900000| Untracked 
|  10|0x0000000083a00000, 0x0000000083a00000, 0x0000000083b00000|  0%| F|  |TAMS 0x0000000083a00000, 0x0000000083a00000| Untracked 
|  11|0x0000000083b00000, 0x0000000083b00000, 0x0000000083c00000|  0%| F|  |TAMS 0x0000000083b00000, 0x0000000083b00000| Untracked 
|  12|0x0000000083c00000, 0x0000000083c00000, 0x0000000083d00000|  0%| F|  |TAMS 0x0000000083c00000, 0x0000000083c00000| Untracked 
|  13|0x0000000083d00000, 0x0000000083d00000, 0x0000000083e00000|  0%| F|  |TAMS 0x0000000083d00000, 0x0000000083d00000| Untracked 
|  14|0x0000000083e00000, 0x0000000083e00000, 0x0000000083f00000|  0%| F|  |TAMS 0x0000000083e00000, 0x0000000083e00000| Untracked 
|  15|0x0000000083f00000, 0x0000000083f00000, 0x0000000084000000|  0%| F|  |TAMS 0x0000000083f00000, 0x0000000083f00000| Untracked 
|  16|0x0000000084000000, 0x0000000084000000, 0x0000000084100000|  0%| F|  |TAMS 0x0000000084000000, 0x0000000084000000| Untracked 
|  17|0x0000000084100000, 0x0000000084100000, 0x0000000084200000|  0%| F|  |TAMS 0x0000000084100000, 0x0000000084100000| Untracked 
|  18|0x0000000084200000, 0x0000000084200000, 0x0000000084300000|  0%| F|  |TAMS 0x0000000084200000, 0x0000000084200000| Untracked 
|  19|0x0000000084300000, 0x0000000084300000, 0x0000000084400000|  0%| F|  |TAMS 0x0000000084300000, 0x0000000084300000| Untracked 
|  20|0x0000000084400000, 0x0000000084400000, 0x0000000084500000|  0%| F|  |TAMS 0x0000000084400000, 0x0000000084400000| Untracked 
|  21|0x0000000084500000, 0x0000000084500000, 0x0000000084600000|  0%| F|  |TAMS 0x0000000084500000, 0x0000000084500000| Untracked 
|  22|0x0000000084600000, 0x0000000084600000, 0x0000000084700000|  0%| F|  |TAMS 0x0000000084600000, 0x0000000084600000| Untracked 
|  23|0x0000000084700000, 0x0000000084700000, 0x0000000084800000|  0%| F|  |TAMS 0x0000000084700000, 0x0000000084700000| Untracked 
|  24|0x0000000084800000, 0x0000000084800000, 0x0000000084900000|  0%| F|  |TAMS 0x0000000084800000, 0x0000000084800000| Untracked 
|  25|0x0000000084900000, 0x0000000084900000, 0x0000000084a00000|  0%| F|  |TAMS 0x0000000084900000, 0x0000000084900000| Untracked 
|  26|0x0000000084a00000, 0x0000000084a00000, 0x0000000084b00000|  0%| F|  |TAMS 0x0000000084a00000, 0x0000000084a00000| Untracked 
|  27|0x0000000084b00000, 0x0000000084b00000, 0x0000000084c00000|  0%| F|  |TAMS 0x0000000084b00000, 0x0000000084b00000| Untracked 
|  28|0x0000000084c00000, 0x0000000084c00000, 0x0000000084d00000|  0%| F|  |TAMS 0x0000000084c00000, 0x0000000084c00000| Untracked 
|  29|0x0000000084d00000, 0x0000000084d00000, 0x0000000084e00000|  0%| F|  |TAMS 0x0000000084d00000, 0x0000000084d00000| Untracked 
|  30|0x0000000084e00000, 0x0000000084e00000, 0x0000000084f00000|  0%| F|  |TAMS 0x0000000084e00000, 0x0000000084e00000| Untracked 
|  31|0x0000000084f00000, 0x0000000084f00000, 0x0000000085000000|  0%| F|  |TAMS 0x0000000084f00000, 0x0000000084f00000| Untracked 
|  32|0x0000000085000000, 0x0000000085000000, 0x0000000085100000|  0%| F|  |TAMS 0x0000000085000000, 0x0000000085000000| Untracked 
|  33|0x0000000085100000, 0x0000000085100000, 0x0000000085200000|  0%| F|  |TAMS 0x0000000085100000, 0x0000000085100000| Untracked 
|  34|0x0000000085200000, 0x0000000085200000, 0x0000000085300000|  0%| F|  |TAMS 0x0000000085200000, 0x0000000085200000| Untracked 
|  35|0x0000000085300000, 0x0000000085300000, 0x0000000085400000|  0%| F|  |TAMS 0x0000000085300000, 0x0000000085300000| Untracked 
|  36|0x0000000085400000, 0x0000000085400000, 0x0000000085500000|  0%| F|  |TAMS 0x0000000085400000, 0x0000000085400000| Untracked 
|  37|0x0000000085500000, 0x0000000085500000, 0x0000000085600000|  0%| F|  |TAMS 0x0000000085500000, 0x0000000085500000| Untracked 
|  38|0x0000000085600000, 0x0000000085600000, 0x0000000085700000|  0%| F|  |TAMS 0x0000000085600000, 0x0000000085600000| Untracked 
|  39|0x0000000085700000, 0x0000000085700000, 0x0000000085800000|  0%| F|  |TAMS 0x0000000085700000, 0x0000000085700000| Untracked 
|  40|0x0000000085800000, 0x0000000085800000, 0x0000000085900000|  0%| F|  |TAMS 0x0000000085800000, 0x0000000085800000| Untracked 
|  41|0x0000000085900000, 0x0000000085900000, 0x0000000085a00000|  0%| F|  |TAMS 0x0000000085900000, 0x0000000085900000| Untracked 
|  42|0x0000000085a00000, 0x0000000085a00000, 0x0000000085b00000|  0%| F|  |TAMS 0x0000000085a00000, 0x0000000085a00000| Untracked 
|  43|0x0000000085b00000, 0x0000000085b00000, 0x0000000085c00000|  0%| F|  |TAMS 0x0000000085b00000, 0x0000000085b00000| Untracked 
|  44|0x0000000085c00000, 0x0000000085c00000, 0x0000000085d00000|  0%| F|  |TAMS 0x0000000085c00000, 0x0000000085c00000| Untracked 
|  45|0x0000000085d00000, 0x0000000085d00000, 0x0000000085e00000|  0%| F|  |TAMS 0x0000000085d00000, 0x0000000085d00000| Untracked 
|  46|0x0000000085e00000, 0x0000000085e00000, 0x0000000085f00000|  0%| F|  |TAMS 0x0000000085e00000, 0x0000000085e00000| Untracked 
|  47|0x0000000085f00000, 0x0000000085f00000, 0x0000000086000000|  0%| F|  |TAMS 0x0000000085f00000, 0x0000000085f00000| Untracked 
|  48|0x0000000086000000, 0x0000000086000000, 0x0000000086100000|  0%| F|  |TAMS 0x0000000086000000, 0x0000000086000000| Untracked 
|  49|0x0000000086100000, 0x0000000086100000, 0x0000000086200000|  0%| F|  |TAMS 0x0000000086100000, 0x0000000086100000| Untracked 
|  50|0x0000000086200000, 0x0000000086200000, 0x0000000086300000|  0%| F|  |TAMS 0x0000000086200000, 0x0000000086200000| Untracked 
|  51|0x0000000086300000, 0x0000000086300000, 0x0000000086400000|  0%| F|  |TAMS 0x0000000086300000, 0x0000000086300000| Untracked 
|  52|0x0000000086400000, 0x0000000086400000, 0x0000000086500000|  0%| F|  |TAMS 0x0000000086400000, 0x0000000086400000| Untracked 
|  53|0x0000000086500000, 0x0000000086500000, 0x0000000086600000|  0%| F|  |TAMS 0x0000000086500000, 0x0000000086500000| Untracked 
|  54|0x0000000086600000, 0x0000000086600000, 0x0000000086700000|  0%| F|  |TAMS 0x0000000086600000, 0x0000000086600000| Untracked 
|  55|0x0000000086700000, 0x0000000086700000, 0x0000000086800000|  0%| F|  |TAMS 0x0000000086700000, 0x0000000086700000| Untracked 
|  56|0x0000000086800000, 0x0000000086800000, 0x0000000086900000|  0%| F|  |TAMS 0x0000000086800000, 0x0000000086800000| Untracked 
|  57|0x0000000086900000, 0x0000000086900000, 0x0000000086a00000|  0%| F|  |TAMS 0x0000000086900000, 0x0000000086900000| Untracked 
|  58|0x0000000086a00000, 0x0000000086a00000, 0x0000000086b00000|  0%| F|  |TAMS 0x0000000086a00000, 0x0000000086a00000| Untracked 
|  59|0x0000000086b00000, 0x0000000086b00000, 0x0000000086c00000|  0%| F|  |TAMS 0x0000000086b00000, 0x0000000086b00000| Untracked 
|  60|0x0000000086c00000, 0x0000000086c00000, 0x0000000086d00000|  0%| F|  |TAMS 0x0000000086c00000, 0x0000000086c00000| Untracked 
|  61|0x0000000086d00000, 0x0000000086d00000, 0x0000000086e00000|  0%| F|  |TAMS 0x0000000086d00000, 0x0000000086d00000| Untracked 
|  62|0x0000000086e00000, 0x0000000086e00000, 0x0000000086f00000|  0%| F|  |TAMS 0x0000000086e00000, 0x0000000086e00000| Untracked 
|  63|0x0000000086f00000, 0x0000000086f00000, 0x0000000087000000|  0%| F|  |TAMS 0x0000000086f00000, 0x0000000086f00000| Untracked 
|  64|0x0000000087000000, 0x0000000087000000, 0x0000000087100000|  0%| F|  |TAMS 0x0000000087000000, 0x0000000087000000| Untracked 
|  65|0x0000000087100000, 0x0000000087100000, 0x0000000087200000|  0%| F|  |TAMS 0x0000000087100000, 0x0000000087100000| Untracked 
|  66|0x0000000087200000, 0x0000000087200000, 0x0000000087300000|  0%| F|  |TAMS 0x0000000087200000, 0x0000000087200000| Untracked 
|  67|0x0000000087300000, 0x0000000087300000, 0x0000000087400000|  0%| F|  |TAMS 0x0000000087300000, 0x0000000087300000| Untracked 
|  68|0x0000000087400000, 0x0000000087400000, 0x0000000087500000|  0%| F|  |TAMS 0x0000000087400000, 0x0000000087400000| Untracked 
|  69|0x0000000087500000, 0x0000000087500000, 0x0000000087600000|  0%| F|  |TAMS 0x0000000087500000, 0x0000000087500000| Untracked 
|  70|0x0000000087600000, 0x0000000087600000, 0x0000000087700000|  0%| F|  |TAMS 0x0000000087600000, 0x0000000087600000| Untracked 
|  71|0x0000000087700000, 0x0000000087700000, 0x0000000087800000|  0%| F|  |TAMS 0x0000000087700000, 0x0000000087700000| Untracked 
|  72|0x0000000087800000, 0x0000000087800000, 0x0000000087900000|  0%| F|  |TAMS 0x0000000087800000, 0x0000000087800000| Untracked 
|  73|0x0000000087900000, 0x0000000087900000, 0x0000000087a00000|  0%| F|  |TAMS 0x0000000087900000, 0x0000000087900000| Untracked 
|  74|0x0000000087a00000, 0x0000000087a00000, 0x0000000087b00000|  0%| F|  |TAMS 0x0000000087a00000, 0x0000000087a00000| Untracked 
|  75|0x0000000087b00000, 0x0000000087b00000, 0x0000000087c00000|  0%| F|  |TAMS 0x0000000087b00000, 0x0000000087b00000| Untracked 
|  76|0x0000000087c00000, 0x0000000087c00000, 0x0000000087d00000|  0%| F|  |TAMS 0x0000000087c00000, 0x0000000087c00000| Untracked 
|  77|0x0000000087d00000, 0x0000000087d00000, 0x0000000087e00000|  0%| F|  |TAMS 0x0000000087d00000, 0x0000000087d00000| Untracked 
|  78|0x0000000087e00000, 0x0000000087e00000, 0x0000000087f00000|  0%| F|  |TAMS 0x0000000087e00000, 0x0000000087e00000| Untracked 
|  79|0x0000000087f00000, 0x0000000087f00000, 0x0000000088000000|  0%| F|  |TAMS 0x0000000087f00000, 0x0000000087f00000| Untracked 
|  80|0x0000000088000000, 0x0000000088000000, 0x0000000088100000|  0%| F|  |TAMS 0x0000000088000000, 0x0000000088000000| Untracked 
|  81|0x0000000088100000, 0x0000000088100000, 0x0000000088200000|  0%| F|  |TAMS 0x0000000088100000, 0x0000000088100000| Untracked 
|  82|0x0000000088200000, 0x0000000088200000, 0x0000000088300000|  0%| F|  |TAMS 0x0000000088200000, 0x0000000088200000| Untracked 
|  83|0x0000000088300000, 0x0000000088300000, 0x0000000088400000|  0%| F|  |TAMS 0x0000000088300000, 0x0000000088300000| Untracked 
|  84|0x0000000088400000, 0x0000000088400000, 0x0000000088500000|  0%| F|  |TAMS 0x0000000088400000, 0x0000000088400000| Untracked 
|  85|0x0000000088500000, 0x0000000088500000, 0x0000000088600000|  0%| F|  |TAMS 0x0000000088500000, 0x0000000088500000| Untracked 
|  86|0x0000000088600000, 0x0000000088600000, 0x0000000088700000|  0%| F|  |TAMS 0x0000000088600000, 0x0000000088600000| Untracked 
|  87|0x0000000088700000, 0x0000000088700000, 0x0000000088800000|  0%| F|  |TAMS 0x0000000088700000, 0x0000000088700000| Untracked 
|  88|0x0000000088800000, 0x0000000088800000, 0x0000000088900000|  0%| F|  |TAMS 0x0000000088800000, 0x0000000088800000| Untracked 
|  89|0x0000000088900000, 0x0000000088900000, 0x0000000088a00000|  0%| F|  |TAMS 0x0000000088900000, 0x0000000088900000| Untracked 
|  90|0x0000000088a00000, 0x0000000088a00000, 0x0000000088b00000|  0%| F|  |TAMS 0x0000000088a00000, 0x0000000088a00000| Untracked 
|  91|0x0000000088b00000, 0x0000000088b00000, 0x0000000088c00000|  0%| F|  |TAMS 0x0000000088b00000, 0x0000000088b00000| Untracked 
|  92|0x0000000088c00000, 0x0000000088c00000, 0x0000000088d00000|  0%| F|  |TAMS 0x0000000088c00000, 0x0000000088c00000| Untracked 
|  93|0x0000000088d00000, 0x0000000088d00000, 0x0000000088e00000|  0%| F|  |TAMS 0x0000000088d00000, 0x0000000088d00000| Untracked 
|  94|0x0000000088e00000, 0x0000000088e00000, 0x0000000088f00000|  0%| F|  |TAMS 0x0000000088e00000, 0x0000000088e00000| Untracked 
|  95|0x0000000088f00000, 0x0000000088f00000, 0x0000000089000000|  0%| F|  |TAMS 0x0000000088f00000, 0x0000000088f00000| Untracked 
|  96|0x0000000089000000, 0x0000000089000000, 0x0000000089100000|  0%| F|  |TAMS 0x0000000089000000, 0x0000000089000000| Untracked 
|  97|0x0000000089100000, 0x0000000089100000, 0x0000000089200000|  0%| F|  |TAMS 0x0000000089100000, 0x0000000089100000| Untracked 
|  98|0x0000000089200000, 0x0000000089200000, 0x0000000089300000|  0%| F|  |TAMS 0x0000000089200000, 0x0000000089200000| Untracked 
|  99|0x0000000089300000, 0x0000000089300000, 0x0000000089400000|  0%| F|  |TAMS 0x0000000089300000, 0x0000000089300000| Untracked 
| 100|0x0000000089400000, 0x0000000089400000, 0x0000000089500000|  0%| F|  |TAMS 0x0000000089400000, 0x0000000089400000| Untracked 
| 101|0x0000000089500000, 0x0000000089500000, 0x0000000089600000|  0%| F|  |TAMS 0x0000000089500000, 0x0000000089500000| Untracked 
| 102|0x0000000089600000, 0x0000000089600000, 0x0000000089700000|  0%| F|  |TAMS 0x0000000089600000, 0x0000000089600000| Untracked 
| 103|0x0000000089700000, 0x0000000089700000, 0x0000000089800000|  0%| F|  |TAMS 0x0000000089700000, 0x0000000089700000| Untracked 
| 104|0x0000000089800000, 0x0000000089800000, 0x0000000089900000|  0%| F|  |TAMS 0x0000000089800000, 0x0000000089800000| Untracked 
| 105|0x0000000089900000, 0x0000000089900000, 0x0000000089a00000|  0%| F|  |TAMS 0x0000000089900000, 0x0000000089900000| Untracked 
| 106|0x0000000089a00000, 0x0000000089a00000, 0x0000000089b00000|  0%| F|  |TAMS 0x0000000089a00000, 0x0000000089a00000| Untracked 
| 107|0x0000000089b00000, 0x0000000089b00000, 0x0000000089c00000|  0%| F|  |TAMS 0x0000000089b00000, 0x0000000089b00000| Untracked 
| 108|0x0000000089c00000, 0x0000000089c76c40, 0x0000000089d00000| 46%| E|  |TAMS 0x0000000089c00000, 0x0000000089c00000| Complete 
| 109|0x0000000089d00000, 0x0000000089e00000, 0x0000000089e00000|100%| E|CS|TAMS 0x0000000089d00000, 0x0000000089d00000| Complete 
| 110|0x0000000089e00000, 0x0000000089f00000, 0x0000000089f00000|100%| E|CS|TAMS 0x0000000089e00000, 0x0000000089e00000| Complete 
| 111|0x0000000089f00000, 0x000000008a000000, 0x000000008a000000|100%| E|CS|TAMS 0x0000000089f00000, 0x0000000089f00000| Complete 
| 112|0x000000008a000000, 0x000000008a100000, 0x000000008a100000|100%| E|CS|TAMS 0x000000008a000000, 0x000000008a000000| Complete 
| 113|0x000000008a100000, 0x000000008a200000, 0x000000008a200000|100%| E|CS|TAMS 0x000000008a100000, 0x000000008a100000| Complete 
| 114|0x000000008a200000, 0x000000008a300000, 0x000000008a300000|100%| E|CS|TAMS 0x000000008a200000, 0x000000008a200000| Complete 
| 115|0x000000008a300000, 0x000000008a400000, 0x000000008a400000|100%| E|CS|TAMS 0x000000008a300000, 0x000000008a300000| Complete 
| 116|0x000000008a400000, 0x000000008a500000, 0x000000008a500000|100%| E|CS|TAMS 0x000000008a400000, 0x000000008a400000| Complete 
| 117|0x000000008a500000, 0x000000008a600000, 0x000000008a600000|100%| E|CS|TAMS 0x000000008a500000, 0x000000008a500000| Complete 
| 118|0x000000008a600000, 0x000000008a700000, 0x000000008a700000|100%| E|CS|TAMS 0x000000008a600000, 0x000000008a600000| Complete 
| 119|0x000000008a700000, 0x000000008a800000, 0x000000008a800000|100%| E|CS|TAMS 0x000000008a700000, 0x000000008a700000| Complete 
| 120|0x000000008a800000, 0x000000008a900000, 0x000000008a900000|100%| E|CS|TAMS 0x000000008a800000, 0x000000008a800000| Complete 
| 121|0x000000008a900000, 0x000000008aa00000, 0x000000008aa00000|100%| E|CS|TAMS 0x000000008a900000, 0x000000008a900000| Complete 
| 122|0x000000008aa00000, 0x000000008ab00000, 0x000000008ab00000|100%| E|CS|TAMS 0x000000008aa00000, 0x000000008aa00000| Complete 
| 123|0x000000008ab00000, 0x000000008ac00000, 0x000000008ac00000|100%| E|CS|TAMS 0x000000008ab00000, 0x000000008ab00000| Complete 
| 124|0x000000008ac00000, 0x000000008ad00000, 0x000000008ad00000|100%| E|CS|TAMS 0x000000008ac00000, 0x000000008ac00000| Complete 
| 125|0x000000008ad00000, 0x000000008ae00000, 0x000000008ae00000|100%| E|CS|TAMS 0x000000008ad00000, 0x000000008ad00000| Complete 

Card table byte_map: [0x000001fed4b40000,0x000001fed4f30000] _byte_map_base: 0x000001fed4728000

Marking Bits (Prev, Next): (CMBitMap*) 0x000001febdc53140, (CMBitMap*) 0x000001febdc53180
 Prev Bits: [0x000001fed5320000, 0x000001fed7260000)
 Next Bits: [0x000001fed7260000, 0x000001fed91a0000)

Polling page: 0x000001febd3e0000

Metaspace:

Usage:
  Non-class:      8.16 MB used.
      Class:      1.06 MB used.
       Both:      9.21 MB used.

Virtual space:
  Non-class space:       16.00 MB reserved,       8.25 MB ( 52%) committed,  2 nodes.
      Class space:        1.00 GB reserved,       1.12 MB ( <1%) committed,  1 nodes.
             Both:        1.02 GB reserved,       9.38 MB ( <1%) committed. 

Chunk freelists:
   Non-Class:  3.00 MB
       Class:  2.75 MB
        Both:  5.75 MB

MaxMetaspaceSize: unlimited
CompressedClassSpaceSize: 1.00 GB
Initial GC threshold: 21.00 MB
Current GC threshold: 21.00 MB
CDS: on
MetaspaceReclaimPolicy: balanced
 - commit_granule_bytes: 65536.
 - commit_granule_words: 8192.
 - virtual_space_node_default_size: 1048576.
 - enlarge_chunks_in_place: 1.
 - new_chunks_are_fully_committed: 0.
 - uncommit_free_chunks: 1.
 - use_allocation_guard: 0.
 - handle_deallocations: 1.


Internal statistics:

num_allocs_failed_limit: 0.
num_arena_births: 112.
num_arena_deaths: 0.
num_vsnodes_births: 3.
num_vsnodes_deaths: 0.
num_space_committed: 150.
num_space_uncommitted: 0.
num_chunks_returned_to_freelist: 0.
num_chunks_taken_from_freelist: 167.
num_chunk_merges: 0.
num_chunk_splits: 85.
num_chunks_enlarged: 22.
num_purges: 0.
num_inconsistent_stats: 0.

CodeHeap 'non-profiled nmethods': size=120000Kb used=464Kb max_used=464Kb free=119536Kb
 bounds [0x000001feccee0000, 0x000001fecd150000, 0x000001fed4410000]
CodeHeap 'profiled nmethods': size=120000Kb used=2829Kb max_used=2829Kb free=117170Kb
 bounds [0x000001fec59b0000, 0x000001fec5c80000, 0x000001feccee0000]
CodeHeap 'non-nmethods': size=5760Kb used=1272Kb max_used=1312Kb free=4487Kb
 bounds [0x000001fec5410000, 0x000001fec5680000, 0x000001fec59b0000]
 total_blobs=2165 nmethods=1567 adapters=511
 compilation: enabled
              stopped_count=0, restarted_count=0
 full_count=0

Compilation events (20 events):
Event: 22.912 Thread 0x000001fedbb96440 nmethod 1560 0x000001feccf53190 code [0x000001feccf53320, 0x000001feccf533f8]
Event: 22.912 Thread 0x000001fedbb96440 1561       3       java.awt.geom.Point2D$Float::setLocation (13 bytes)
Event: 22.912 Thread 0x000001fedbb96440 nmethod 1561 0x000001fec5c6ce10 code [0x000001fec5c6cfa0, 0x000001fec5c6d0b8]
Event: 22.912 Thread 0x000001fedbb96440 1562   !   3       java.awt.GradientPaintContext::<init> (649 bytes)
Event: 22.917 Thread 0x000001fedbb96440 nmethod 1562 0x000001fec5c6d190 code [0x000001fec5c6d560, 0x000001fec5c6f3e8]
Event: 22.917 Thread 0x000001fedbb96440 1565       3       javax.swing.plaf.metal.MetalLookAndFeel::getCurrentTheme (88 bytes)
Event: 22.919 Thread 0x000001fedbb96440 nmethod 1565 0x000001fec5c70010 code [0x000001fec5c70320, 0x000001fec5c713b8]
Event: 22.919 Thread 0x000001fedbb96440 1563       3       sun.awt.SunHints$LCDContrastKey::isCompatibleValue (36 bytes)
Event: 22.919 Thread 0x000001fedbb96440 nmethod 1563 0x000001fec5c71910 code [0x000001fec5c71ac0, 0x000001fec5c71ed8]
Event: 22.919 Thread 0x000001fedbb96440 1564       3       sun.font.SunFontManager::getInstance (9 bytes)
Event: 22.920 Thread 0x000001fedbb96440 nmethod 1564 0x000001fec5c71f90 code [0x000001fec5c721a0, 0x000001fec5c72878]
Event: 23.197 Thread 0x000001fedbb96440 1566       3       sun.java2d.pipe.Region::isInsideQuickCheck (57 bytes)
Event: 23.198 Thread 0x000001fedbb96440 nmethod 1566 0x000001fec5c72b10 code [0x000001fec5c72ca0, 0x000001fec5c72f18]
Event: 23.243 Thread 0x000001fedbb95740 1567       4       java.security.AccessController::getContext (23 bytes)
Event: 23.245 Thread 0x000001fedbb96440 1568       1       javax.swing.JComponent::isPaintingOrigin (2 bytes)
Event: 23.245 Thread 0x000001fedbb96440 nmethod 1568 0x000001feccf53490 code [0x000001feccf53620, 0x000001feccf536f8]
Event: 23.252 Thread 0x000001fedbb95740 nmethod 1567 0x000001feccf53790 code [0x000001feccf53940, 0x000001feccf53c38]
Event: 23.292 Thread 0x000001fedbb96440 1569       3       java.awt.geom.Point2D$Float::<init> (15 bytes)
Event: 23.292 Thread 0x000001fedbb96440 nmethod 1569 0x000001fec5c73010 code [0x000001fec5c731c0, 0x000001fec5c73398]
Event: 23.307 Thread 0x000001fedbb96440 1570   !   3       java.awt.DefaultKeyboardFocusManager::dispatchEvent (1621 bytes)

GC Heap History (0 events):
No events

Deoptimization events (20 events):
Event: 10.150 Thread 0x000001fedcb98130 DEOPT PACKING pc=0x000001feccf2aeec sp=0x0000009ed95fcc70
Event: 10.150 Thread 0x000001fedcb98130 DEOPT UNPACKING pc=0x000001fec54623a3 sp=0x0000009ed95fcb98 mode 2
Event: 19.875 Thread 0x000001fedcb98130 Uncommon trap: trap_request=0xffffffde fr.pc=0x000001feccef2928 relative=0x00000000000001a8
Event: 19.875 Thread 0x000001fedcb98130 Uncommon trap: reason=class_check action=maybe_recompile pc=0x000001feccef2928 method=java.lang.String.equals(Ljava/lang/Object;)Z @ 8 c2
Event: 19.875 Thread 0x000001fedcb98130 DEOPT PACKING pc=0x000001feccef2928 sp=0x0000009ed95fe040
Event: 19.875 Thread 0x000001fedcb98130 DEOPT UNPACKING pc=0x000001fec54623a3 sp=0x0000009ed95fdfd8 mode 2
Event: 19.875 Thread 0x000001fedcb98130 Uncommon trap: trap_request=0xffffffde fr.pc=0x000001feccef2928 relative=0x00000000000001a8
Event: 19.875 Thread 0x000001fedcb98130 Uncommon trap: reason=class_check action=maybe_recompile pc=0x000001feccef2928 method=java.lang.String.equals(Ljava/lang/Object;)Z @ 8 c2
Event: 19.875 Thread 0x000001fedcb98130 DEOPT PACKING pc=0x000001feccef2928 sp=0x0000009ed95fe040
Event: 19.875 Thread 0x000001fedcb98130 DEOPT UNPACKING pc=0x000001fec54623a3 sp=0x0000009ed95fdfd8 mode 2
Event: 21.139 Thread 0x000001fedcb98130 Uncommon trap: trap_request=0xffffffde fr.pc=0x000001feccef2928 relative=0x00000000000001a8
Event: 21.139 Thread 0x000001fedcb98130 Uncommon trap: reason=class_check action=maybe_recompile pc=0x000001feccef2928 method=java.lang.String.equals(Ljava/lang/Object;)Z @ 8 c2
Event: 21.139 Thread 0x000001fedcb98130 DEOPT PACKING pc=0x000001feccef2928 sp=0x0000009ed95fe130
Event: 21.139 Thread 0x000001fedcb98130 DEOPT UNPACKING pc=0x000001fec54623a3 sp=0x0000009ed95fe0c8 mode 2
Event: 21.146 Thread 0x000001fedcb98130 Uncommon trap: trap_request=0xffffffde fr.pc=0x000001feccef2928 relative=0x00000000000001a8
Event: 21.146 Thread 0x000001fedcb98130 Uncommon trap: reason=class_check action=maybe_recompile pc=0x000001feccef2928 method=java.lang.String.equals(Ljava/lang/Object;)Z @ 8 c2
Event: 21.146 Thread 0x000001fedcb98130 DEOPT PACKING pc=0x000001feccef2928 sp=0x0000009ed95fe040
Event: 21.146 Thread 0x000001fedcb98130 DEOPT UNPACKING pc=0x000001fec54623a3 sp=0x0000009ed95fdfd8 mode 2
Event: 22.029 Thread 0x000001fedcb98130 DEOPT PACKING pc=0x000001fec5c1d300 sp=0x0000009ed95fd030
Event: 22.029 Thread 0x000001fedcb98130 DEOPT UNPACKING pc=0x000001fec5462b43 sp=0x0000009ed95fc500 mode 0

Classes unloaded (0 events):
No events

Classes redefined (0 events):
No events

Internal exceptions (15 events):
Event: 0.197 Thread 0x000001febbbdbfb0 Exception <a 'sun/nio/fs/WindowsException'{0x000000008ac408b0}> (0x000000008ac408b0) 
thrown [t:\workspace\open\src\hotspot\share\prims\jni.cpp, line 516]
Event: 0.198 Thread 0x000001febbbdbfb0 Exception <a 'sun/nio/fs/WindowsException'{0x000000008ac40e70}> (0x000000008ac40e70) 
thrown [t:\workspace\open\src\hotspot\share\prims\jni.cpp, line 516]
Event: 0.202 Thread 0x000001febbbdbfb0 Exception <a 'sun/nio/fs/WindowsException'{0x000000008ac43488}> (0x000000008ac43488) 
thrown [t:\workspace\open\src\hotspot\share\prims\jni.cpp, line 516]
Event: 0.329 Thread 0x000001febbbdbfb0 Exception <a 'java/lang/ClassNotFoundException'{0x000000008ab15f98}: sun/awt/resources/spi/awtProvider> (0x000000008ab15f98) 
thrown [t:\workspace\open\src\hotspot\share\classfile\systemDictionary.cpp, line 256]
Event: 0.396 Thread 0x000001febbbdbfb0 Exception <a 'java/io/FileNotFoundException'{0x000000008ab69020}> (0x000000008ab69020) 
thrown [t:\workspace\open\src\hotspot\share\prims\jni.cpp, line 516]
Event: 0.417 Thread 0x000001febbbdbfb0 Exception <a 'java/io/FileNotFoundException'{0x000000008ab96198}> (0x000000008ab96198) 
thrown [t:\workspace\open\src\hotspot\share\prims\jni.cpp, line 516]
Event: 0.535 Thread 0x000001febbbdbfb0 Exception <a 'java/lang/NoSuchMethodError'{0x000000008abda288}: 'java.lang.Object java.lang.invoke.DirectMethodHandle$Holder.invokeStaticInit(java.lang.Object)'> (0x000000008abda288) 
thrown [t:\workspace\open\src\hotspot\share\interpreter\linkResolver.cpp, line 766]
Event: 0.637 Thread 0x000001febbbdbfb0 Exception <a 'java/lang/NoSuchMethodError'{0x000000008aa36a60}: 'void java.lang.invoke.DirectMethodHandle$Holder.invokeSpecial(java.lang.Object, java.lang.Object, java.lang.Object)'> (0x000000008aa36a60) 
thrown [t:\workspace\open\src\hotspot\share\interpreter\linkResolver.cpp, line 766]
Event: 0.663 Thread 0x000001febbbdbfb0 Exception <a 'java/lang/NoSuchMethodError'{0x000000008aa60bc8}: 'java.lang.Object java.lang.invoke.DirectMethodHandle$Holder.newInvokeSpecial(java.lang.Object, java.lang.Object, java.lang.Object, java.lang.Object, java.lang.Object)'> (0x000000008aa60bc8) 
thrown [t:\workspace\open\src\hotspot\share\interpreter\linkResolver.cpp, line 766]
Event: 0.667 Thread 0x000001febbbdbfb0 Exception <a 'java/lang/NoSuchMethodError'{0x000000008aa6c590}: 'java.lang.Object java.lang.invoke.DirectMethodHandle$Holder.invokeStatic(java.lang.Object, int, java.lang.Object, java.lang.Object, java.lang.Object, java.lang.Object)'> (0x000000008aa6c590) 
thrown [t:\workspace\open\src\hotspot\share\interpreter\linkResolver.cpp, line 766]
Event: 0.685 Thread 0x000001febbbdbfb0 Exception <a 'java/lang/NoSuchMethodError'{0x000000008aa92028}: 'java.lang.Object java.lang.invoke.DirectMethodHandle$Holder.invokeStatic(java.lang.Object, int, java.lang.Object)'> (0x000000008aa92028) 
thrown [t:\workspace\open\src\hotspot\share\interpreter\linkResolver.cpp, line 766]
Event: 0.737 Thread 0x000001febbbdbfb0 Exception <a 'java/lang/ClassNotFoundException'{0x000000008a94a718}: com/sun/swing/internal/plaf/metal/resources/spi/metalProvider> (0x000000008a94a718) 
thrown [t:\workspace\open\src\hotspot\share\classfile\systemDictionary.cpp, line 256]
Event: 0.739 Thread 0x000001febbbdbfb0 Exception <a 'java/lang/ClassNotFoundException'{0x000000008a94e5c0}: com/sun/swing/internal/plaf/basic/resources/spi/basicProvider> (0x000000008a94e5c0) 
thrown [t:\workspace\open\src\hotspot\share\classfile\systemDictionary.cpp, line 256]
Event: 0.778 Thread 0x000001fedcb1d5d0 Exception <a 'java/lang/NoSuchMethodError'{0x000000008abfd228}: 'void java.lang.invoke.DirectMethodHandle$Holder.invokeVirtual(java.lang.Object, java.lang.Object)'> (0x000000008abfd228) 
thrown [t:\workspace\open\src\hotspot\share\interpreter\linkResolver.cpp, line 766]
Event: 0.809 Thread 0x000001febbbdbfb0 Exception <a 'java/lang/NoSuchMethodError'{0x000000008a812a88}: 'void java.lang.invoke.DirectMethodHandle$Holder.invokeStaticInit(java.lang.Object)'> (0x000000008a812a88) 
thrown [t:\workspace\open\src\hotspot\share\interpreter\linkResolver.cpp, line 766]

VM Operations (20 events):
Event: 13.006 Executing VM operation: Cleanup
Event: 13.006 Executing VM operation: Cleanup done
Event: 15.024 Executing VM operation: Cleanup
Event: 15.024 Executing VM operation: Cleanup done
Event: 16.037 Executing VM operation: Cleanup
Event: 16.037 Executing VM operation: Cleanup done
Event: 17.051 Executing VM operation: Cleanup
Event: 17.051 Executing VM operation: Cleanup done
Event: 18.058 Executing VM operation: Cleanup
Event: 18.058 Executing VM operation: Cleanup done
Event: 19.063 Executing VM operation: Cleanup
Event: 19.063 Executing VM operation: Cleanup done
Event: 19.877 Executing VM operation: HandshakeAllThreads
Event: 19.877 Executing VM operation: HandshakeAllThreads done
Event: 20.877 Executing VM operation: Cleanup
Event: 20.877 Executing VM operation: Cleanup done
Event: 21.877 Executing VM operation: Cleanup
Event: 21.877 Executing VM operation: Cleanup done
Event: 22.884 Executing VM operation: Cleanup
Event: 22.884 Executing VM operation: Cleanup done

Events (20 events):
Event: 19.875 loading class javax/swing/Popup
Event: 19.876 loading class javax/swing/Popup done
Event: 19.876 loading class javax/swing/PopupFactory$ContainerPopup done
Event: 19.876 loading class javax/swing/PopupFactory$LightWeightPopup done
Event: 19.876 loading class javax/swing/JDialog
Event: 19.876 loading class javax/swing/JDialog done
Event: 19.877 loading class javax/swing/JApplet
Event: 19.878 loading class javax/swing/JApplet done
Event: 19.891 loading class javax/swing/JLayer
Event: 19.891 loading class javax/swing/JLayer done
Event: 19.894 loading class javax/swing/RepaintManager$3
Event: 19.894 loading class javax/swing/RepaintManager$3 done
Event: 19.903 loading class java/awt/geom/RectIterator
Event: 19.904 loading class java/awt/geom/RectIterator done
Event: 19.912 loading class sun/awt/UngrabEvent
Event: 19.912 loading class sun/awt/UngrabEvent done
Event: 20.566 loading class javax/swing/Autoscroller
Event: 20.566 loading class javax/swing/Autoscroller done
Event: 20.567 loading class javax/swing/plaf/basic/BasicPopupMenuUI$MouseGrabber$2
Event: 20.568 loading class javax/swing/plaf/basic/BasicPopupMenuUI$MouseGrabber$2 done


Dynamic libraries:
0x00007ff7f46b0000 - 0x00007ff7f46c0000 	C:\Program Files\Java\jdk-17.0.1\bin\java.exe
0x00007ffe86160000 - 0x00007ffe86367000 	C:\WINDOWS\SYSTEM32\ntdll.dll
0x00007ffe84d10000 - 0x00007ffe84dcd000 	C:\WINDOWS\System32\KERNEL32.DLL
0x00007ffe83640000 - 0x00007ffe839b4000 	C:\WINDOWS\System32\KERNELBASE.dll
0x00007ffe80840000 - 0x00007ffe808d1000 	C:\WINDOWS\SYSTEM32\apphelp.dll
0x00007ffe83b50000 - 0x00007ffe83c61000 	C:\WINDOWS\System32\ucrtbase.dll
0x00007ffe6d0f0000 - 0x00007ffe6d10a000 	C:\Program Files\Java\jdk-17.0.1\bin\VCRUNTIME140.dll
0x00007ffe53100000 - 0x00007ffe53118000 	C:\Program Files\Java\jdk-17.0.1\bin\jli.dll
0x00007ffe85950000 - 0x00007ffe859fc000 	C:\WINDOWS\System32\ADVAPI32.dll
0x00007ffe84400000 - 0x00007ffe844a3000 	C:\WINDOWS\System32\msvcrt.dll
0x00007ffe856d0000 - 0x00007ffe8576d000 	C:\WINDOWS\System32\sechost.dll
0x00007ffe85820000 - 0x00007ffe85941000 	C:\WINDOWS\System32\RPCRT4.dll
0x00007ffe85ee0000 - 0x00007ffe8608c000 	C:\WINDOWS\System32\USER32.dll
0x00007ffe6cd60000 - 0x00007ffe6d005000 	C:\WINDOWS\WinSxS\amd64_microsoft.windows.common-controls_6595b64144ccf1df_6.0.22000.120_none_9d947278b86cc467\COMCTL32.dll
0x00007ffe839c0000 - 0x00007ffe839e6000 	C:\WINDOWS\System32\win32u.dll
0x00007ffe84060000 - 0x00007ffe84089000 	C:\WINDOWS\System32\GDI32.dll
0x00007ffe83c70000 - 0x00007ffe83d82000 	C:\WINDOWS\System32\gdi32full.dll
0x00007ffe83ab0000 - 0x00007ffe83b4d000 	C:\WINDOWS\System32\msvcp_win.dll
0x00007ffe7ea30000 - 0x00007ffe7ea3a000 	C:\WINDOWS\SYSTEM32\VERSION.dll
0x00007ffe84cd0000 - 0x00007ffe84d01000 	C:\WINDOWS\System32\IMM32.DLL
0x00007ffe7f590000 - 0x00007ffe7f59c000 	C:\Program Files\Java\jdk-17.0.1\bin\vcruntime140_1.dll
0x00007ffe50180000 - 0x00007ffe5020d000 	C:\Program Files\Java\jdk-17.0.1\bin\msvcp140.dll
0x00007ffe25220000 - 0x00007ffe25dde000 	C:\Program Files\Java\jdk-17.0.1\bin\server\jvm.dll
0x00007ffe84090000 - 0x00007ffe84098000 	C:\WINDOWS\System32\PSAPI.DLL
0x00007ffe6f4f0000 - 0x00007ffe6f4f9000 	C:\WINDOWS\SYSTEM32\WSOCK32.dll
0x00007ffe7f510000 - 0x00007ffe7f543000 	C:\WINDOWS\SYSTEM32\WINMM.dll
0x00007ffe83ff0000 - 0x00007ffe8405f000 	C:\WINDOWS\System32\WS2_32.dll
0x00007ffe82850000 - 0x00007ffe82868000 	C:\WINDOWS\SYSTEM32\kernel.appcore.dll
0x00007ffe6f9b0000 - 0x00007ffe6f9ba000 	C:\Program Files\Java\jdk-17.0.1\bin\jimage.dll
0x00007ffe81350000 - 0x00007ffe81571000 	C:\WINDOWS\SYSTEM32\DBGHELP.DLL
0x00007ffe76f60000 - 0x00007ffe76f91000 	C:\WINDOWS\SYSTEM32\dbgcore.DLL
0x00007ffe83e00000 - 0x00007ffe83e7f000 	C:\WINDOWS\System32\bcryptPrimitives.dll
0x00007ffe5cce0000 - 0x00007ffe5cd05000 	C:\Program Files\Java\jdk-17.0.1\bin\java.dll
0x00007ffe41b40000 - 0x00007ffe41c16000 	C:\Program Files\Java\jdk-17.0.1\bin\svml.dll
0x00007ffe844b0000 - 0x00007ffe84c5e000 	C:\WINDOWS\System32\SHELL32.dll
0x00007ffe816f0000 - 0x00007ffe81f57000 	C:\WINDOWS\SYSTEM32\windows.storage.dll
0x00007ffe85060000 - 0x00007ffe853d8000 	C:\WINDOWS\System32\combase.dll
0x00007ffe81580000 - 0x00007ffe816e6000 	C:\WINDOWS\SYSTEM32\wintypes.dll
0x00007ffe84dd0000 - 0x00007ffe84eba000 	C:\WINDOWS\System32\SHCORE.dll
0x00007ffe84c60000 - 0x00007ffe84cbd000 	C:\WINDOWS\System32\shlwapi.dll
0x00007ffe83570000 - 0x00007ffe83591000 	C:\WINDOWS\SYSTEM32\profapi.dll
0x00007ffe69140000 - 0x00007ffe69159000 	C:\Program Files\Java\jdk-17.0.1\bin\net.dll
0x00007ffe7ec10000 - 0x00007ffe7ed1c000 	C:\WINDOWS\SYSTEM32\WINHTTP.dll
0x00007ffe82c60000 - 0x00007ffe82cc7000 	C:\WINDOWS\system32\mswsock.dll
0x00007ffe68100000 - 0x00007ffe68115000 	C:\Program Files\Java\jdk-17.0.1\bin\nio.dll
0x00007ffe65660000 - 0x00007ffe65678000 	C:\Program Files\Java\jdk-17.0.1\bin\zip.dll
0x00007ffe405d0000 - 0x00007ffe4075f000 	C:\Program Files\Java\jdk-17.0.1\bin\awt.dll
0x00007ffe84320000 - 0x00007ffe843f6000 	C:\WINDOWS\System32\OLEAUT32.dll
0x00007ffe80d90000 - 0x00007ffe80dbf000 	C:\WINDOWS\system32\DWMAPI.DLL
0x00007ffe809f0000 - 0x00007ffe80a9c000 	C:\WINDOWS\system32\uxtheme.dll
0x00007ffe52f90000 - 0x00007ffe53091000 	C:\WINDOWS\system32\opengl32.dll
0x00007ffe72760000 - 0x00007ffe7278d000 	C:\WINDOWS\SYSTEM32\GLU32.dll
0x00007ffe80af0000 - 0x00007ffe80b28000 	C:\WINDOWS\SYSTEM32\dxcore.dll
0x00007ffe84200000 - 0x00007ffe8431e000 	C:\WINDOWS\System32\MSCTF.dll
0x00007ffe84ec0000 - 0x00007ffe8505a000 	C:\WINDOWS\System32\ole32.dll
0x00007ffe41ab0000 - 0x00007ffe41b39000 	C:\Program Files\Java\jdk-17.0.1\bin\freetype.dll
0x00007ffe41340000 - 0x00007ffe413e8000 	C:\Program Files\Java\jdk-17.0.1\bin\fontmanager.dll
0x00007ffe66360000 - 0x00007ffe6648d000 	C:\WINDOWS\SYSTEM32\textinputframework.dll
0x00007ffe80550000 - 0x00007ffe80682000 	C:\WINDOWS\SYSTEM32\CoreMessaging.dll
0x00007ffe63880000 - 0x00007ffe63bed000 	C:\WINDOWS\SYSTEM32\CoreUIComponents.dll
0x00007ffe82ec0000 - 0x00007ffe82ecc000 	C:\WINDOWS\SYSTEM32\CRYPTBASE.DLL
0x00007ffe85770000 - 0x00007ffe8581f000 	C:\WINDOWS\System32\clbcatq.dll
0x00007ffe629b0000 - 0x00007ffe62b5e000 	C:\WINDOWS\SYSTEM32\WindowsCodecs.dll
0x00007ffe4ffa0000 - 0x00007ffe4fffd000 	C:\WINDOWS\system32\dataexchange.dll
0x00007ffe6c230000 - 0x00007ffe6c496000 	C:\WINDOWS\system32\twinapi.appcore.dll

dbghelp: loaded successfully - version: 4.0.5 - missing functions: none
symbol engine: initialized successfully - sym options: 0x614 - pdb path: .;C:\Program Files\Java\jdk-17.0.1\bin;C:\WINDOWS\SYSTEM32;C:\WINDOWS\WinSxS\amd64_microsoft.windows.common-controls_6595b64144ccf1df_6.0.22000.120_none_9d947278b86cc467;C:\Program Files\Java\jdk-17.0.1\bin\server

VM Arguments:
jvm_args: -Dfile.encoding=UTF-8 --module-path=C:\Users\Syed Ammar\OneDrive\Documents\NetBeansProjects\Bank Management System\build\classes 
java_command: bank.management.system.SecondPage
java_class_path (initial): C:\Users\Syed Ammar\OneDrive\Documents\NetBeansProjects;C:\Users\Syed Ammar\OneDrive\Documents\NetBeansProjects\Bank Management System\mysql-connector-java-8.0.26.jar;C:\Users\Syed Ammar\OneDrive\Documents\NetBeansProjects\Bank Management System\build\classes
Launcher Type: SUN_STANDARD

[Global flags]
     intx CICompilerCount                          = 4                                         {product} {ergonomic}
     uint ConcGCThreads                            = 2                                         {product} {ergonomic}
     uint G1ConcRefinementThreads                  = 8                                         {product} {ergonomic}
   size_t G1HeapRegionSize                         = 1048576                                   {product} {ergonomic}
    uintx GCDrainStackTargetSize                   = 64                                        {product} {ergonomic}
   size_t InitialHeapSize                          = 132120576                                 {product} {ergonomic}
   size_t MarkStackSize                            = 4194304                                   {product} {ergonomic}
   size_t MaxHeapSize                              = 2097152000                                {product} {ergonomic}
   size_t MaxNewSize                               = 1258291200                                {product} {ergonomic}
   size_t MinHeapDeltaBytes                        = 1048576                                   {product} {ergonomic}
   size_t MinHeapSize                              = 8388608                                   {product} {ergonomic}
    uintx NonNMethodCodeHeapSize                   = 5839372                                {pd product} {ergonomic}
    uintx NonProfiledCodeHeapSize                  = 122909434                              {pd product} {ergonomic}
    uintx ProfiledCodeHeapSize                     = 122909434                              {pd product} {ergonomic}
    uintx ReservedCodeCacheSize                    = 251658240                              {pd product} {ergonomic}
     bool SegmentedCodeCache                       = true                                      {product} {ergonomic}
   size_t SoftMaxHeapSize                          = 2097152000                             {manageable} {ergonomic}
     bool UseCompressedClassPointers               = true                           {product lp64_product} {ergonomic}
     bool UseCompressedOops                        = true                           {product lp64_product} {ergonomic}
     bool UseG1GC                                  = true                                      {product} {ergonomic}
     bool UseLargePagesIndividualAllocation        = false                                  {pd product} {ergonomic}

Logging:
Log output configuration:
 #0: stdout all=warning uptime,level,tags
 #1: stderr all=off uptime,level,tags

Environment Variables:
JAVA_HOME=C:\Users\Syed Ammar\AppData\Local\Programs\Eclipse Foundation\jdk-11.0.12.7-hotspot\
PATH=C:\Program Files\Common Files\Oracle\Java\javapath;C:\Program Files (x86)\Common Files\Oracle\Java\javapath;C:\oraclexe\app\oracle\product\11.2.0\server\bin;;C:\windows\system32;C:\windows;C:\windows\System32\Wbem;C:\windows\System32\WindowsPowerShell\v1.0\;C:\windows\System32\OpenSSH\;C:\Program Files (x86)\NVIDIA Corporation\PhysX\Common;C:\Program Files\NVIDIA Corporation\NVIDIA NvDLISR;C:\WINDOWS\system32;C:\WINDOWS;C:\WINDOWS\System32\Wbem;C:\WINDOWS\System32\WindowsPowerShell\v1.0\;C:\WINDOWS\System32\OpenSSH\;C:\Program Files\PowerShell\7\;C:\Users\Syed Ammar\AppData\Local\Programs\Eclipse Foundation\jdk-11.0.12.7-hotspot\bin;C:\Python\Python39\Scripts\;C:\Python\Python39\;C:\Users\Syed Ammar\AppData\Local\Microsoft\WindowsApps;C:\Users\Syed Ammar\AppData\Local\atom\bin;C:\Users\Syed Ammar\AppData\Local\Programs\Microsoft VS Code\bin;C:\Users\Syed Ammar\AppData\Local\Microsoft\WindowsApps;C:\Program Files\MongoDB\Server\5.0\bin;
USERNAME=Syed Ammar
OS=Windows_NT
PROCESSOR_IDENTIFIER=Intel64 Family 6 Model 165 Stepping 2, GenuineIntel



---------------  S Y S T E M  ---------------

OS:
 Windows 10 , 64 bit Build 22000 (10.0.22000.318)
OS uptime: 2 days 3:28 hours

CPU: total 8 (initial active 8) (4 cores per cpu, 2 threads per core) family 6 model 165 stepping 2 microcode 0xea, cx8, cmov, fxsr, ht, mmx, 3dnowpref, sse, sse2, sse3, ssse3, sse4.1, sse4.2, popcnt, lzcnt, tsc, tscinvbit, avx, avx2, aes, erms, clmul, bmi1, bmi2, adx, fma, vzeroupper, clflush, clflushopt

Memory: 4k page, system-wide physical 7993M (696M free)
TotalPageFile size 32569M (AvailPageFile size 2M)
current process WorkingSet (physical memory assigned to process): 83M, peak: 85M
current process commit charge ("private bytes"): 230M, peak: 236M

vm_info: Java HotSpot(TM) 64-Bit Server VM (17.0.1+12-LTS-39) for windows-amd64 JRE (17.0.1+12-LTS-39), built on Sep 27 2021 18:41:35 by "mach5one" with MS VC++ 16.8 (VS2019)

END.
